Received: (qmail 47814 invoked by uid 501); 27 Oct 2000 20:12:19 -0000
Message-Id: <20001027201219.47813.qmail@locus.apache.org>
Date: 27 Oct 2000 20:12:19 -0000
From: Alejandro Flores <aflores@citi.com.mx>
Reply-To: aflores@citi.com.mx
To: submit@bugz.apache.org
Subject: Dr. Watson Access Violation error
X-Send-Pr-Version: 3.110

>Number:         6754
>Category:       apache-api
>Synopsis:       Dr. Watson Access Violation error
>Confidential:   no
>Severity:       serious
>Priority:       medium
>Responsible:    apache
>State:          closed
>Quarter:        
>Keywords:       
>Date-Required:
>Class:          support
>Submitter-Id:   apache
>Arrival-Date:   Fri Oct 27 13:20:01 PDT 2000
>Closed-Date:    Mon Oct 30 07:37:02 PST 2000
>Last-Modified:  Mon Oct 30 07:37:02 PST 2000
>Originator:     aflores@citi.com.mx
>Release:        1.3.12
>Organization:
>Environment:
Windows NT Server Version 4.0 Service Pack 6a
>Description:
Microsoft (R) Windows NT (TM) Version 4.00 DrWtsn32
Copyright (C) 1985-1996 Microsoft Corp. All rights reserved.



Application exception occurred:
        App:  (pid=129)
        When: 8/9/2000 @ 22:52:37.385
        Exception number: c0000005 (access violation)

*----> System Information <----*
        Computer Name: LDAPSERVER
        User Name: interciti
        Number of Processors: 1
        Processor Type: x86 Family 6 Model 6 Stepping 0
        Windows Version: 4.0
        Current Build: 1381
        Service Pack: 6
        Current Type: Uniprocessor Free
        Registered Organization: METALSA
        Registered Owner: METALSA

*----> Task List <----*
   0 Idle.exe
   2 System.exe
  21 smss.exe
  26 csrss.exe
  35 winlogon.exe
  41 services.exe
  44 lsass.exe
  81 llssrv.exe
  84 mgasc.exe
  89 RpcSs.exe
  91 mgactrl.exe
 169 pstores.exe
 187 nddeagnt.exe
  60 Explorer.exe
 186 MGAQDESK.exe
 191 loadwc.exe
 151 WinVNC.exe
 122 taskmgr.exe
 128 Apache.exe
 216 drwtsn32.exe
 129 Apache.exe
 109 drwtsn32.exe
   0 _Total.exe

(00400000 - 00400000) 
(77f60000 - 77fbe000) dll\ntdll.dbg
(10000000 - 10000000) 
(77f00000 - 77f5e000) dll\kernel32.dbg
(77dc0000 - 77dff000) dll\advapi32.dbg
(77e70000 - 77ec5000) dll\user32.dbg
(77ed0000 - 77efc000) dll\gdi32.dbg
(77e10000 - 77e67000) dll\rpcrt4.dbg
(776b0000 - 776c4000) dll\ws2_32.dbg
(78000000 - 78040000) 
(776a0000 - 776a7000) dll\ws2help.dbg
(007d0000 - 007d0000) 
(007e0000 - 007e0000) 
(77660000 - 7766f000) dll\msafd.dbg
(77690000 - 77699000) dll\wshtcpip.dbg
(776d0000 - 776d8000) dll\wsock32.dbg
(76e70000 - 76e82000) dll\security.dbg
(71710000 - 71724000) dll\msapsspc.dbg
(779d0000 - 779d0000) 
(780a0000 - 780b2000) 
(77400000 - 77429000) dll\schnlc.dbg
(5e380000 - 5e3a5000) dll\msoss.dbg
(5cf00000 - 5cf5e000) dll\crypt32.dbg
(716e0000 - 716ff000) dll\msnsspc.dbg
(60900000 - 6090e000) dll\digest.dbg
(74ff0000 - 74ffe000) dll\rnr20.dbg
(77bf0000 - 77bf7000) dll\rpcltc1.dbg

State Dump for Thread Id 0x75

eax=00000000 ebx=0012dbb0 ecx=00001601 edx=00000000 esi=00000000 edi=0000001c
eip=77f682db esp=0012db1c ebp=0012db70 iopl=0         nv up ei pl zr na po nc
cs=001b  ss=0023  ds=0023  es=0023  fs=0038  gs=0000             efl=00000246


function: NtWaitForSingleObject
        77f682d0 b8c5000000       mov     eax,0xc5
        77f682d5 8d542404         lea     edx,[esp+0x4]          ss:0114c523=????????
        77f682d9 cd2e             int     2e
        77f682db c20c00           ret     0xc
        77f682de 8bc0             mov     eax,eax

*----> Stack Back Trace <----*

FramePtr ReturnAd Param#1  Param#2  Param#3  Param#4  Function Name
0012db70 77664a12 0000001c 00000008 00000001 00000004 ntdll!NtWaitForSingleObject 
0012dc98 776b9f5f 00000009 0012ddd8 00000000 00000000 msafd!<nosymbols> 
0012dce8 1000b45b 00000009 0012ddd8 00000000 00000000 ws2_32!select 

*----> Raw Stack Dump <----*
0012db1c  f3 87 66 77 1c 00 00 00 - 01 00 00 00 48 db 12 00  ..fw........H...
0012db2c  00 00 00 00 d8 dd 12 00 - b0 db 12 00 d0 01 21 c9  ..............!.
0012db3c  86 02 c0 01 ff ff ff ff - ff ff ff 7f c0 b4 b3 ff  ................
0012db4c  ff ff ff ff 00 00 00 00 - 00 00 00 00 00 00 00 00  ................
0012db5c  c3 49 66 77 08 00 00 00 - 1c 00 00 00 00 00 00 00  .Ifw............
0012db6c  00 00 00 00 98 dc 12 00 - 12 4a 66 77 1c 00 00 00  .........Jfw....
0012db7c  08 00 00 00 01 00 00 00 - 04 00 00 00 68 81 13 00  ............h...
0012db8c  d8 dd 12 00 88 70 13 00 - 80 69 67 ff ff ff ff ff  .....p...ig.....
0012db9c  01 00 00 00 00 00 34 00 - 08 00 00 00 19 00 00 00  ......4.........
0012dbac  00 00 00 00 54 cd 03 00 - 00 00 00 00 00 00 00 00  ....T...........
0012dbbc  01 00 01 00 00 00 00 00 - 90 13 00 78 64 01 00 00  ...........xd...
0012dbcc  81 00 00 00 cd 00 00 00 - e8 f9 14 81 00 00 00 00  ................
0012dbdc  10 00 00 00 13 06 c8 22 - 71 5e 98 05 f2 50 0d 0b  ......."q^...P..
0012dbec  00 a4 03 78 56 cc f6 77 - d0 75 fa 77 57 cc f6 77  ...xV..w.u.wW..w
0012dbfc  01 00 00 00 80 69 67 ff - 00 74 6b 77 00 00 00 00  .....ig..tkw....
0012dc0c  f6 ff ff ff 01 00 00 00 - d4 2c f9 77 10 d2 f9 77  .........,.w...w
0012dc1c  61 ce f6 77 74 02 00 00 - 00 00 00 00 00 00 00 00  a..wt...........
0012dc2c  dc de 12 00 4c 70 03 78 - f3 74 6b 77 9c db 12 00  ....Lp.x.tkw....
0012dc3c  2c 00 00 00 03 01 00 00 - a4 db 12 00 00 00 00 00  ,...............
0012dc4c  00 00 00 00 00 00 9f 03 - 10 00 00 00 00 00 00 00  ................

State Dump for Thread Id 0xdd

eax=00000000 ebx=00000000 ecx=00000000 edx=00000000 esi=0000007c edi=00000000
eip=77f682db esp=008efeec ebp=008eff10 iopl=0         nv up ei pl zr na po nc
cs=001b  ss=0023  ds=0023  es=0023  fs=0038  gs=0000             efl=00000246


function: NtWaitForSingleObject
        77f682d0 b8c5000000       mov     eax,0xc5
        77f682d5 8d542404         lea     edx,[esp+0x4]          ss:0190e8f3=????????
        77f682d9 cd2e             int     2e
        77f682db c20c00           ret     0xc
        77f682de 8bc0             mov     eax,eax

*----> Stack Back Trace <----*

FramePtr ReturnAd Param#1  Param#2  Param#3  Param#4  Function Name
008eff10 77f04f37 0000007c ffffffff 00000000 1002374d ntdll!NtWaitForSingleObject 
008eff7c 1000ab6a 00000000 7800265a 00000000 00000000 kernel32!WaitForSingleObject 

State Dump for Thread Id 0x41

eax=7ffdf000 ebx=00000000 ecx=009efe88 edx=00000000 esi=0000007c edi=00000000
eip=77f682db esp=009efeec ebp=009eff10 iopl=0         nv up ei pl zr na po nc
cs=001b  ss=0023  ds=0023  es=0023  fs=0038  gs=0000             efl=00000246


function: NtWaitForSingleObject
        77f682d0 b8c5000000       mov     eax,0xc5
        77f682d5 8d542404         lea     edx,[esp+0x4]          ss:01a0e8f3=????????
        77f682d9 cd2e             int     2e
        77f682db c20c00           ret     0xc
        77f682de 8bc0             mov     eax,eax

*----> Stack Back Trace <----*

FramePtr ReturnAd Param#1  Param#2  Param#3  Param#4  Function Name
009eff10 77f04f37 0000007c ffffffff 00000000 1002374d ntdll!NtWaitForSingleObject 
009eff7c 1000ab6a 00000001 7800265a 00000001 00000000 kernel32!WaitForSingleObject 

State Dump for Thread Id 0xbe

eax=0015b834 ebx=00000000 ecx=00000101 edx=00000000 esi=0000007c edi=00000000
eip=77f682db esp=00aefeec ebp=00aeff10 iopl=0         nv up ei pl zr na po nc
cs=001b  ss=0023  ds=0023  es=0023  fs=0038  gs=0000             efl=00000246


function: NtWaitForSingleObject
        77f682d0 b8c5000000       mov     eax,0xc5
        77f682d5 8d542404         lea     edx,[esp+0x4]          ss:01b0e8f3=????????
        77f682d9 cd2e             int     2e
        77f682db c20c00           ret     0xc
        77f682de 8bc0             mov     eax,eax

*----> Stack Back Trace <----*

FramePtr ReturnAd Param#1  Param#2  Param#3  Param#4  Function Name
00aeff10 77f04f37 0000007c ffffffff 00000000 1002374d ntdll!NtWaitForSingleObject 
00aeff7c 1000ab6a 00000002 7800265a 00000002 00000000 kernel32!WaitForSingleObject 

State Dump for Thread Id 0x96

eax=00000103 ebx=00000000 ecx=00000801 edx=00000000 esi=0000007c edi=00000000
eip=77f682db esp=00befeec ebp=00beff10 iopl=0         nv up ei pl zr na po nc
cs=001b  ss=0023  ds=0023  es=0023  fs=0038  gs=0000             efl=00000246


function: NtWaitForSingleObject
        77f682d0 b8c5000000       mov     eax,0xc5
        77f682d5 8d542404         lea     edx,[esp+0x4]          ss:01c0e8f3=????????
        77f682d9 cd2e             int     2e
        77f682db c20c00           ret     0xc
        77f682de 8bc0             mov     eax,eax

*----> Stack Back Trace <----*

FramePtr ReturnAd Param#1  Param#2  Param#3  Param#4  Function Name
00beff10 77f04f37 0000007c ffffffff 00000000 1002374d ntdll!NtWaitForSingleObject 
00beff7c 1000ab6a 00000003 7800265a 00000003 00000000 kernel32!WaitForSingleObject 
>How-To-Repeat:
Install apcahe 1.3.12 and use the directive remote proxy with the modules mod_proxy and ntlm module loaded
>Fix:
Have no idea
>Release-Note:
>Audit-Trail:
State-Changed-From-To: open-closed
State-Changed-By: wrowe
State-Changed-When: Mon Oct 30 07:37:01 PST 2000
State-Changed-Why:

First, we don't support mod_ntlm, it's a third party module.
Sorry we can't be of more help, please contact the module
author directly with your concern.

Second, I'd strongly suggest you try again with 1.3.14 (a
far more stable release for Win32.)

>Unformatted:
 [In order for any reply to be added to the PR database, you need]
 [to include <apbugs@Apache.Org> in the Cc line and make sure the]
 [subject line starts with the report component and number, with ]
 [or without any 'Re:' prefixes (such as "general/1098:" or      ]
 ["Re: general/1098:").  If the subject doesn't match this       ]
 [pattern, your message will be misfiled and ignored.  The       ]
 ["apbugs" address is not added to the Cc line of messages from  ]
 [the database automatically because of the potential for mail   ]
 [loops.  If you do not include this Cc, your reply may be ig-   ]
 [nored unless you are responding to an explicit request from a  ]
 [developer.  Reply only with text; DO NOT SEND ATTACHMENTS!     ]
 
 

